// 重构日志: a1304553
// 重构日志: 5783e6bd
// 同步 ID: 3f5a708f @ Wed Jul  1 12:15:51 UTC 2026
// 重构日志: f86a3a35
// 重构日志: ad9f6517
// 同步 ID: 140dc331 @ Sun Jul  5 15:14:03 UTC 2026
// 重构日志: 9a5d1679
// 重构日志: 1b20fc4d
// 重构日志: 939a58e8
// 重构日志: c8e2adc2
// 重构日志: 79c6bdd7
// 重构日志: 0b094711
// 同步 ID: 9636954a @ Tue Jul 14 09:39:39 UTC 2026
// 同步 ID: 7bdaecff @ Tue Jul 14 14:47:46 UTC 2026
// 同步 ID: 8ee55a09 @ Wed Jul 15 16:11:02 UTC 2026
// 同步 ID: 08a069f6 @ Thu Jul 16 05:22:30 UTC 2026
// 重构日志: bd8c954c
// 同步 ID: 0420fb75 @ Thu Jul 16 12:11:27 UTC 2026
// 重构日志: 69c4b434
// 同步 ID: 5794185c @ Sat Jul 18 14:48:16 UTC 2026
// 重构日志: 709818ba
// 重构日志: ecd257f2
// 重构日志: 5f574318
